<?xml version="1.0" encoding="UTF-8"?>
<!-- Generated by org.testng.reporters.JUnitXMLReporter -->
<testsuite ignored="12" hostname="BA-000424806" failures="0" tests="1" name="Default test" time="0.169" errors="0" timestamp="2023-04-07T12:17:42 IST">
  <testcase classname="TestCases.NewTest" name="f" time="0.081"/>
  <testcase classname="ApplicationBaeTest.BaseClass" name="@BeforeSuite launchApplication" time="0.0">
    <ignored/>
  </testcase> <!-- @BeforeSuite launchApplication -->
  <testcase classname="ApplicationBaeTest.BaseClass" name="@BeforeSuite launchApplication" time="0.0">
    <ignored/>
  </testcase> <!-- @BeforeSuite launchApplication -->
  <testcase classname="ApplicationBaeTest.BaseClass" name="@BeforeSuite launchApplication" time="0.0">
    <ignored/>
  </testcase> <!-- @BeforeSuite launchApplication -->
  <testcase classname="ApplicationBaeTest.BaseClass" name="@BeforeSuite launchApplication" time="0.0">
    <ignored/>
  </testcase> <!-- @BeforeSuite launchApplication -->
  <testcase classname="ApplicationBaeTest.BaseClass" name="@BeforeSuite launchApplication" time="0.0">
    <ignored/>
  </testcase> <!-- @BeforeSuite launchApplication -->
  <testcase classname="ApplicationBaeTest.BaseClass" name="@BeforeSuite launchApplication" time="0.0">
    <ignored/>
  </testcase> <!-- @BeforeSuite launchApplication -->
  <testcase classname="ApplicationBaeTest.BaseClass" name="@AfterSuite closeApplication" time="0.0">
    <ignored/>
  </testcase> <!-- @AfterSuite closeApplication -->
  <testcase classname="ApplicationBaeTest.BaseClass" name="@AfterSuite closeApplication" time="0.0">
    <ignored/>
  </testcase> <!-- @AfterSuite closeApplication -->
  <testcase classname="ApplicationBaeTest.BaseClass" name="@AfterSuite closeApplication" time="0.0">
    <ignored/>
  </testcase> <!-- @AfterSuite closeApplication -->
  <testcase classname="ApplicationBaeTest.BaseClass" name="@AfterSuite closeApplication" time="0.0">
    <ignored/>
  </testcase> <!-- @AfterSuite closeApplication -->
  <testcase classname="ApplicationBaeTest.BaseClass" name="@AfterSuite closeApplication" time="0.0">
    <ignored/>
  </testcase> <!-- @AfterSuite closeApplication -->
  <testcase classname="ApplicationBaeTest.BaseClass" name="@AfterSuite closeApplication" time="0.0">
    <ignored/>
  </testcase> <!-- @AfterSuite closeApplication -->
</testsuite> <!-- Default test -->
