<?xml version="1.0" encoding="UTF-8"?>
<!-- Generated by org.testng.reporters.JUnitXMLReporter -->
<testsuite ignored="2" hostname="BA-000424806" failures="0" tests="4" name="Test" time="19.078" errors="0" timestamp="2023-04-13T16:55:48 IST">
  <testcase classname="TestCases.NewTest" name="f" time="0.322"/>
  <testcase classname="TestCases.CreateAccountPageTestcases" name="verifyingDefaultMessage" time="13.624"/>
  <testcase classname="TestCases.SignoutTestcases" name="SignoutValidation" time="2.511"/>
  <testcase classname="TestCases.SigninPageTestcases" name="signinDrvalidation" time="1.674"/>
  <testcase classname="ApplicationBaeTest.BaseClass" name="@BeforeSuite launchApplication" time="0.0">
    <ignored/>
  </testcase> <!-- @BeforeSuite launchApplication -->
  <testcase classname="ApplicationBaeTest.BaseClass" name="@BeforeSuite launchApplication" time="0.0">
    <ignored/>
  </testcase> <!-- @BeforeSuite launchApplication -->
</testsuite> <!-- Test -->
