<?xml version="1.0" encoding="UTF-8"?>
<testng-results ignored="0" total="1" passed="1" failed="0" skipped="0">
  <reporter-output>
  </reporter-output>
  <suite started-at="2023-03-29T11:01:34 IST" name="Default suite" finished-at="2023-03-29T11:01:34 IST" duration-ms="154">
    <groups>
    </groups>
    <test started-at="2023-03-29T11:01:34 IST" name="Default test" finished-at="2023-03-29T11:01:34 IST" duration-ms="154">
      <class name="TestCases.NewTest">
        <test-method is-config="true" signature="launchApplication()[pri:0, instance:TestCases.NewTest@36060e]" started-at="2023-03-29T11:01:26 IST" name="launchApplication" finished-at="2023-03-29T11:01:34 IST" duration-ms="7288" status="PASS">
          <reporter-output>
          </reporter-output>
        </test-method> <!-- launchApplication -->
        <test-method signature="f()[pri:0, instance:TestCases.NewTest@36060e]" started-at="2023-03-29T11:01:34 IST" name="f" finished-at="2023-03-29T11:01:34 IST" duration-ms="60" status="PASS">
          <reporter-output>
          </reporter-output>
        </test-method> <!-- f -->
        <test-method is-config="true" signature="closeApplication()[pri:0, instance:TestCases.NewTest@36060e]" started-at="2023-03-29T11:01:34 IST" name="closeApplication" finished-at="2023-03-29T11:01:34 IST" duration-ms="307" status="PASS">
          <reporter-output>
          </reporter-output>
        </test-method> <!-- closeApplication -->
      </class> <!-- TestCases.NewTest -->
    </test> <!-- Default test -->
  </suite> <!-- Default suite -->
</testng-results>
